{
    "code":0,
    "warehouseSkuDTOList":[
        {
            "poiId":143059886607755,
            "skuId":100237764863351,
            "skuType":1,
            "poiType":6,
            "boxQuantity":15,
            "source":2,
            "skuDTO":{
                "productId":100250452738289,
                "skuId":100237764863351,
                "name":"小冬瓜 1.53kg~1.87kg/袋",
                "skuName":"小冬瓜 1.53kg~1.87kg/袋",
                "vendor":{
                    "vendorId":6031
                },
                "categoryName":"冬瓜类",
                "categoryId":250356,
                "specificationDTO":{
                    "weight":{
                        "value":1655000,
                        "skuWeightUnit":1,
                        "skuWeightUnitName":"mg"
                    },
                    "volume":{
                        "value":3839062,
                        "skuVolumeUnit":242,
                        "skuVolumeUnitName":"立方毫米",
                        "type":1
                    },
                    "saleSpec":"1.53kg~1.87kg/袋",
                    "unitId":206,
                    "unitName":"袋",
                    "specList":[
                        {
                            "value":1,
                            "unitId":206,
                            "unitName":"袋",
                            "level":1,
                            "deviationSpec":0
                        },
                        {
                            "value":1.7,
                            "unitId":102,
                            "unitName":"kg",
                            "level":2,
                            "deviationSpec":0
                        },
                        {
                            "value":0.17,
                            "unitId":102,
                            "unitName":"kg",
                            "level":99,
                            "deviationSpec":1
                        }
                    ],
                    "unitTypeId":2,
                    "lightGoodsWeight":"0.639843"
                },
                "barcodes":[
                    "218569310010813123"
                ],
                "barCodeType":2,
                "brandDTO":{
                    "brandName":"无",
                    "brandId":1
                },
                "productPropertiesDTO":{
                    "produceAreaId":20,
                    "produceAreaType":1,
                    "produceArea":"广西",
                    "importFlag":false,
                    "guaranteePeriod":7,
                    "guaranteePeriodType":3,
                    "storageTemperatureLevel":3,
                    "packageType":1,
                    "boxQuantity":15,
                    "qualificationAuditStatus":5,
                    "mediaList":[
                        {
                            "code":"image_summary",
                            "value":"https://img.meituan.net/groceryimages/717b6157457fad3cb2d91a727ace1324187561.png",
                            "operationTagList":[

                            ]
                        },
                        {
                            "code":"video_short",
                            "operationTagList":[

                            ]
                        },
                        {
                            "code":"image_background_white",
                            "value":"https://img.meituan.net/groceryproductapipicpublic/19b6f738c63e7e087e02d11222999bcd314705.png",
                            "operationTagList":[
                                {
                                    "tagId":200032,
                                    "tagName":"主体大小不佳"
                                }
                            ]
                        },
                        {
                            "code":"image_promotion",
                            "operationTagList":[

                            ]
                        },
                        {
                            "code":"image_animation",
                            "operationTagList":[

                            ]
                        },
                        {
                            "code":"image_major",
                            "value":"https://img.meituan.net/groceryimages/717b6157457fad3cb2d91a727ace1324187561.png",
                            "operationTagList":[
                                {
                                    "tagId":200018,
                                    "tagName":"低质量图片"
                                },
                                {
                                    "tagId":200021,
                                    "tagName":"曝光问题"
                                }
                            ]
                        },
                        {
                            "code":"image_major",
                            "value":"https://img.meituan.net/groceryimages/3875d40ea1259387af81ad99a2f9b975201576.png",
                            "operationTagList":[
                                {
                                    "tagId":200018,
                                    "tagName":"低质量图片"
                                },
                                {
                                    "tagId":200021,
                                    "tagName":"曝光问题"
                                },
                                {
                                    "tagId":200022,
                                    "tagName":"美学分低"
                                }
                            ]
                        },
                        {
                            "code":"image_major",
                            "value":"https://img.meituan.net/groceryimages/feef911bf84417a3834323a56fc4a78f80004.png",
                            "operationTagList":[
                                {
                                    "tagId":200018,
                                    "tagName":"低质量图片"
                                },
                                {
                                    "tagId":200021,
                                    "tagName":"曝光问题"
                                },
                                {
                                    "tagId":200022,
                                    "tagName":"美学分低"
                                },
                                {
                                    "tagId":200030,
                                    "tagName":"图像模糊"
                                }
                            ]
                        },
                        {
                            "code":"image_major",
                            "value":"https://img.meituan.net/groceryimages/223ac522de0a03056bfc74c7a07fc5d336152.png",
                            "operationTagList":[
                                {
                                    "tagId":200018,
                                    "tagName":"低质量图片"
                                },
                                {
                                    "tagId":200032,
                                    "tagName":"主体大小不佳"
                                }
                            ]
                        },
                        {
                            "code":"image_source_major",
                            "value":"https://img.meituan.net/groceryimages/8e9b6b682472578776f11f1c2d72634253761.jpg",
                            "operationTagList":[

                            ]
                        },
                        {
                            "code":"image_source_major",
                            "value":"https://img.meituan.net/groceryimages/19d83cf3dd1decfaa52b6639341336da84926.jpg",
                            "operationTagList":[

                            ]
                        },
                        {
                            "code":"image_source_major",
                            "value":"https://img.meituan.net/groceryimages/0512d084b3b396461800e2ecc7906d3831299.jpg",
                            "operationTagList":[

                            ]
                        },
                        {
                            "code":"image_source_major",
                            "value":"https://img.meituan.net/groceryimages/9c49ff876e77bfad171f7a9dd910407b10311.jpg",
                            "operationTagList":[

                            ]
                        },
                        {
                            "code":"image_entity",
                            "value":"https://img.meituan.net/groceryimages/8e9b6b682472578776f11f1c2d72634253761.jpg",
                            "operationTagList":[

                            ]
                        },
                        {
                            "code":"image_description",
                            "value":"https://img.meituan.net/groceryimages/19d83cf3dd1decfaa52b6639341336da84926.jpg",
                            "operationTagList":[

                            ]
                        },
                        {
                            "code":"image_operation",
                            "value":"https://img.meituan.net/groceryimages/717b6157457fad3cb2d91a727ace1324187561.png",
                            "operationTagList":[
                                {
                                    "tagId":200035,
                                    "tagName":"实拍图"
                                }
                            ]
                        },
                        {
                            "code":"image_operation",
                            "value":"https://img.meituan.net/groceryimages/3875d40ea1259387af81ad99a2f9b975201576.png",
                            "operationTagList":[
                                {
                                    "tagId":200034,
                                    "tagName":"白底图"
                                }
                            ]
                        },
                        {
                            "code":"image_operation",
                            "value":"https://img.meituan.net/groceryimages/feef911bf84417a3834323a56fc4a78f80004.png",
                            "operationTagList":[
                                {
                                    "tagId":200019,
                                    "tagName":"不适合运营列表图"
                                },
                                {
                                    "tagId":200022,
                                    "tagName":"美学分低"
                                },
                                {
                                    "tagId":200035,
                                    "tagName":"实拍图"
                                }
                            ]
                        },
                        {
                            "code":"image_operation",
                            "value":"https://img.meituan.net/groceryimages/223ac522de0a03056bfc74c7a07fc5d336152.png",
                            "operationTagList":[
                                {
                                    "tagId":200034,
                                    "tagName":"白底图"
                                }
                            ]
                        },
                        {
                            "code":"image_operation",
                            "value":"https://img.meituan.net/groceryproductapipicpublic/19b6f738c63e7e087e02d11222999bcd314705.png",
                            "operationTagList":[
                                {
                                    "tagId":200019,
                                    "tagName":"不适合运营列表图"
                                },
                                {
                                    "tagId":200022,
                                    "tagName":"美学分低"
                                },
                                {
                                    "tagId":200034,
                                    "tagName":"白底图"
                                }
                            ]
                        }
                    ],
                    "skuStorageTemperatureLevel":5,
                    "boxLength":525,
                    "boxWidth":375,
                    "boxHeight":195,
                    "boxVolume":{
                        "value":38390625,
                        "skuVolumeUnit":242,
                        "boxVolumeUnit":242,
                        "skuVolumeUnitName":"立方毫米",
                        "boxVolumeUnitName":"立方毫米"
                    }
                },
                "regionPropertiesDTO":{
                    "stockDTO":{

                    }
                },
                "status":1,
                "regionIdList":[
                    10036018
                ],
                "skuTagDTOList":[
                    {
                        "type":14,
                        "tagId":14
                    },
                    {
                        "type":7,
                        "tagId":7
                    },
                    {
                        "type":49002,
                        "tagId":49002
                    },
                    {
                        "type":30016,
                        "tagId":30016
                    },
                    {
                        "type":13001,
                        "tagId":13001
                    },
                    {
                        "type":18,
                        "tagId":18
                    },
                    {
                        "type":21001,
                        "tagId":21001
                    },
                    {
                        "type":40020,
                        "tagId":40020
                    },
                    {
                        "type":100119201,
                        "tagId":100119201
                    }
                ],
                "graphicCodeList":[
                    "https://p0.meituan.net/graphiccodebasepic/v1/13.png",
                    "https://p0.meituan.net/graphiccodebasepic/v1/0.png",
                    "https://p0.meituan.net/graphiccodebasepic/v1/1.png"
                ],
                "vendorSellingPoint":"鲜嫩可口",
                "skuType":1,
                "skuCategoryPropertyDTOList":[
                    {
                        "propertyCode":"SHANG_PIN_TE_SE",
                        "propertyValue":"无特色"
                    },
                    {
                        "propertyCode":"TE_SE_CHAN_QU",
                        "propertyValue":"无"
                    },
                    {
                        "propertyCode":"SHI_FOU_QU_PI",
                        "propertyValue":"不去皮"
                    },
                    {
                        "propertyCode":"SHOU_MAI_GUI_GE",
                        "propertyValue":"1.7kg"
                    },
                    {
                        "propertyCode":"SHOU_MAI_SHU_LIANG",
                        "propertyValue":"1袋"
                    },
                    {
                        "propertyCode":"XIAO_SHOU_DAN_WEI",
                        "propertyValue":"袋"
                    }
                ],
                "cspuId":-1,
                "porscheStatus":2,
                "takeBackReturnType":0,
                "cspu4DTO":{
                    "cspuId":20444492931825
                },
                "categoryIdList":[
                    100001,
                    100100,
                    230018,
                    240069,
                    250356
                ],
                "skuSubmitTS":1655863186000,
                "saleStatusDTO":{
                    "saleStatus":1
                }
            }
        }
    ]
}